#
# There is insufficient memory for the Java Runtime Environment to continue.
# Native memory allocation (malloc) failed to allocate 898576 bytes for Chunk::new
# Possible reasons:
#   The system is out of physical RAM or swap space
#   In 32 bit mode, the process size limit was hit
# Possible solutions:
#   Reduce memory load on the system
#   Increase physical memory or swap space
#   Check if swap backing store is full
#   Use 64 bit Java on a 64 bit OS
#   Decrease Java heap size (-Xmx/-Xms)
#   Decrease number of Java threads
#   Decrease Java thread stack sizes (-Xss)
#   Set larger code cache with -XX:ReservedCodeCacheSize=
# This output file may be truncated or incomplete.
#
#  Out of Memory Error (allocation.cpp:390), pid=4888, tid=0x0000000000002bb4
#
# JRE version: Java(TM) SE Runtime Environment (8.0_191-b12) (build 1.8.0_191-b12)
# Java VM: Java HotSpot(TM) 64-Bit Server VM (25.191-b12 mixed mode windows-amd64 compressed oops)
# Failed to write core dump. Minidumps are not enabled by default on client versions of Windows
#

---------------  T H R E A D  ---------------

Current thread (0x000000001710a000):  JavaThread "C2 CompilerThread0" daemon [_thread_in_native, id=11188, stack(0x0000000018760000,0x0000000018860000)]

Stack: [0x0000000018760000,0x0000000018860000]
[error occurred during error reporting (printing stack bounds), id 0xc0000005]

Native frames: (J=compiled Java code, j=interpreted, Vv=VM code, C=native code)


Current CompileTask:
C2:  38062 7484       4       org.springframework.asm.ClassReader::readCode (5085 bytes)


---------------  P R O C E S S  ---------------

Java Threads: ( => current thread )
  0x000000001a258800 JavaThread "Keep-Alive-Timer" daemon [_thread_blocked, id=7312, stack(0x00000000240e0000,0x00000000241e0000)]
  0x000000001a257800 JavaThread "HikariPool-1 housekeeper" daemon [_thread_blocked, id=10348, stack(0x000000001e050000,0x000000001e150000)]
  0x0000000018c62000 JavaThread "surefire-forkedjvm-ping-30s" daemon [_thread_in_native, id=15876, stack(0x0000000019160000,0x0000000019260000)]
  0x0000000018b39800 JavaThread "surefire-forkedjvm-command-thread" daemon [_thread_in_native, id=16276, stack(0x0000000019060000,0x0000000019160000)]
  0x000000001715e800 JavaThread "Service Thread" daemon [_thread_blocked, id=6952, stack(0x0000000018e60000,0x0000000018f60000)]
  0x0000000017159000 JavaThread "C1 CompilerThread2" daemon [_thread_blocked, id=19448, stack(0x0000000018960000,0x0000000018a60000)]
  0x0000000017110800 JavaThread "C2 CompilerThread1" daemon [_thread_in_native, id=3116, stack(0x0000000018860000,0x0000000018960000)]
=>0x000000001710a000 JavaThread "C2 CompilerThread0" daemon [_thread_in_native, id=11188, stack(0x0000000018760000,0x0000000018860000)]
  0x0000000017108800 JavaThread "Attach Listener" daemon [_thread_blocked, id=21716, stack(0x0000000018660000,0x0000000018760000)]
  0x0000000017155800 JavaThread "Signal Dispatcher" daemon [_thread_blocked, id=11332, stack(0x0000000018560000,0x0000000018660000)]
  0x00000000025cc800 JavaThread "Finalizer" daemon [_thread_blocked, id=17112, stack(0x0000000018360000,0x0000000018460000)]
  0x00000000170ea000 JavaThread "Reference Handler" daemon [_thread_blocked, id=312, stack(0x0000000018260000,0x0000000018360000)]
  0x00000000023ce800 JavaThread "main" [_thread_in_Java, id=14796, stack(0x00000000023d0000,0x00000000024d0000)]

Other Threads:
  0x00000000170c7000 VMThread [stack: 0x0000000018160000,0x0000000018260000] [id=11252]
  0x0000000018af9000 WatcherThread [stack: 0x0000000018f60000,0x0000000019060000] [id=16044]

VM state:not at safepoint (normal execution)

VM Mutex/Monitor currently owned by a thread: None

Heap:
 PSYoungGen      total 243712K, used 129326K [0x00000000d5f00000, 0x00000000e8b00000, 0x0000000100000000)
  eden space 221184K, 52% used [0x00000000d5f00000,0x00000000dd155a70,0x00000000e3700000)
  from space 22528K, 54% used [0x00000000e3700000,0x00000000e42f5db8,0x00000000e4d00000)
  to   space 22016K, 0% used [0x00000000e7580000,0x00000000e7580000,0x00000000e8b00000)
 ParOldGen       total 113152K, used 87459K [0x0000000081c00000, 0x0000000088a80000, 0x00000000d5f00000)
  object space 113152K, 77% used [0x0000000081c00000,0x0000000087168c30,0x0000000088a80000)
 Metaspace       used 64067K, capacity 66626K, committed 66816K, reserved 1107968K
  class space    used 8416K, capacity 8862K, committed 8960K, reserved 1048576K

Card table byte_map: [0x0000000011990000,0x0000000011d90000] byte_map_base: 0x0000000011582000

Marking Bits: (ParMarkBitMap*) 0x00000000701f3e30
 Begin Bits: [0x0000000012440000, 0x00000000143d0000)
 End Bits:   [0x00000000143d0000, 0x0000000016360000)

Polling page: 0x0000000000570000

CodeCache: size=245760Kb used=21489Kb max_used=23144Kb free=224270Kb
 bounds [0x00000000025d0000, 0x0000000003ce0000, 0x00000000115d0000]
 total_blobs=6624 nmethods=6021 adapters=514
 compilation: enabled

Compilation events (10 events):
Event: 38.011 Thread 0x0000000017159000 7532       3       sun.net.www.protocol.jar.JarURLConnection::getJarFile (9 bytes)
Event: 38.011 Thread 0x0000000017159000 nmethod 7532 0x00000000039ba610 code [0x00000000039ba780, 0x00000000039ba928]
Event: 38.017 Thread 0x0000000017159000 7533       3       sun.reflect.annotation.AnnotationInvocationHandler::cloneArray (170 bytes)
Event: 38.017 Thread 0x0000000017159000 nmethod 7533 0x0000000003a07890 code [0x0000000003a07b20, 0x0000000003a08e88]
Event: 38.020 Thread 0x0000000017159000 7535   !   3       org.springframework.core.type.filter.AssignableTypeFilter::matchTargetType (72 bytes)
Event: 38.022 Thread 0x0000000017159000 nmethod 7535 0x000000000379f890 code [0x000000000379fb40, 0x00000000037a1068]
Event: 38.027 Thread 0x0000000017159000 7538       3       java.util.ArrayList::fastRemove (57 bytes)
Event: 38.027 Thread 0x0000000017159000 nmethod 7538 0x00000000031853d0 code [0x0000000003185540, 0x0000000003185928]
Event: 38.028 Thread 0x0000000017159000 7539   !   3       sun.reflect.GeneratedMethodAccessor3::invoke (63 bytes)
Event: 38.029 Thread 0x0000000017159000 nmethod 7539 0x0000000002814690 code [0x00000000028148c0, 0x00000000028152c8]

GC Heap History (10 events):
Event: 22.866 GC heap before
{Heap before GC invocations=16 (full 3):
 PSYoungGen      total 187904K, used 174592K [0x00000000d5f00000, 0x00000000e2580000, 0x0000000100000000)
  eden space 174592K, 100% used [0x00000000d5f00000,0x00000000e0980000,0x00000000e0980000)
  from space 13312K, 0% used [0x00000000e1880000,0x00000000e1880000,0x00000000e2580000)
  to   space 14336K, 0% used [0x00000000e0980000,0x00000000e0980000,0x00000000e1780000)
 ParOldGen       total 113152K, used 22102K [0x0000000081c00000, 0x0000000088a80000, 0x00000000d5f00000)
  object space 113152K, 19% used [0x0000000081c00000,0x0000000083195b10,0x0000000088a80000)
 Metaspace       used 60041K, capacity 61948K, committed 62080K, reserved 1103872K
  class space    used 7857K, capacity 8235K, committed 8320K, reserved 1048576K
Event: 22.914 GC heap after
Heap after GC invocations=16 (full 3):
 PSYoungGen      total 188928K, used 14331K [0x00000000d5f00000, 0x00000000e6180000, 0x0000000100000000)
  eden space 174592K, 0% used [0x00000000d5f00000,0x00000000d5f00000,0x00000000e0980000)
  from space 14336K, 99% used [0x00000000e0980000,0x00000000e177ee78,0x00000000e1780000)
  to   space 20992K, 0% used [0x00000000e4d00000,0x00000000e4d00000,0x00000000e6180000)
 ParOldGen       total 113152K, used 34186K [0x0000000081c00000, 0x0000000088a80000, 0x00000000d5f00000)
  object space 113152K, 30% used [0x0000000081c00000,0x0000000083d62b00,0x0000000088a80000)
 Metaspace       used 60041K, capacity 61948K, committed 62080K, reserved 1103872K
  class space    used 7857K, capacity 8235K, committed 8320K, reserved 1048576K
}
Event: 25.570 GC heap before
{Heap before GC invocations=17 (full 3):
 PSYoungGen      total 188928K, used 188923K [0x00000000d5f00000, 0x00000000e6180000, 0x0000000100000000)
  eden space 174592K, 100% used [0x00000000d5f00000,0x00000000e0980000,0x00000000e0980000)
  from space 14336K, 99% used [0x00000000e0980000,0x00000000e177ee78,0x00000000e1780000)
  to   space 20992K, 0% used [0x00000000e4d00000,0x00000000e4d00000,0x00000000e6180000)
 ParOldGen       total 113152K, used 34186K [0x0000000081c00000, 0x0000000088a80000, 0x00000000d5f00000)
  object space 113152K, 30% used [0x0000000081c00000,0x0000000083d62b00,0x0000000088a80000)
 Metaspace       used 60044K, capacity 61948K, committed 62080K, reserved 1103872K
  class space    used 7857K, capacity 8235K, committed 8320K, reserved 1048576K
Event: 25.698 GC heap after
Heap after GC invocations=17 (full 3):
 PSYoungGen      total 242176K, used 16464K [0x00000000d5f00000, 0x00000000e6c80000, 0x0000000100000000)
  eden space 221184K, 0% used [0x00000000d5f00000,0x00000000d5f00000,0x00000000e3700000)
  from space 20992K, 78% used [0x00000000e4d00000,0x00000000e5d14070,0x00000000e6180000)
  to   space 22528K, 0% used [0x00000000e3700000,0x00000000e3700000,0x00000000e4d00000)
 ParOldGen       total 113152K, used 48350K [0x0000000081c00000, 0x0000000088a80000, 0x00000000d5f00000)
  object space 113152K, 42% used [0x0000000081c00000,0x0000000084b37958,0x0000000088a80000)
 Metaspace       used 60044K, capacity 61948K, committed 62080K, reserved 1103872K
  class space    used 7857K, capacity 8235K, committed 8320K, reserved 1048576K
}
Event: 28.037 GC heap before
{Heap before GC invocations=18 (full 3):
 PSYoungGen      total 242176K, used 237648K [0x00000000d5f00000, 0x00000000e6c80000, 0x0000000100000000)
  eden space 221184K, 100% used [0x00000000d5f00000,0x00000000e3700000,0x00000000e3700000)
  from space 20992K, 78% used [0x00000000e4d00000,0x00000000e5d14070,0x00000000e6180000)
  to   space 22528K, 0% used [0x00000000e3700000,0x00000000e3700000,0x00000000e4d00000)
 ParOldGen       total 113152K, used 48350K [0x0000000081c00000, 0x0000000088a80000, 0x00000000d5f00000)
  object space 113152K, 42% used [0x0000000081c00000,0x0000000084b37958,0x0000000088a80000)
 Metaspace       used 60269K, capacity 62140K, committed 62336K, reserved 1103872K
  class space    used 7872K, capacity 8235K, committed 8320K, reserved 1048576K
Event: 28.094 GC heap after
Heap after GC invocations=18 (full 3):
 PSYoungGen      total 243712K, used 15324K [0x00000000d5f00000, 0x00000000e6c80000, 0x0000000100000000)
  eden space 221184K, 0% used [0x00000000d5f00000,0x00000000d5f00000,0x00000000e3700000)
  from space 22528K, 68% used [0x00000000e3700000,0x00000000e45f7238,0x00000000e4d00000)
  to   space 20992K, 0% used [0x00000000e4d00000,0x00000000e4d00000,0x00000000e6180000)
 ParOldGen       total 113152K, used 64562K [0x0000000081c00000, 0x0000000088a80000, 0x00000000d5f00000)
  object space 113152K, 57% used [0x0000000081c00000,0x0000000085b0c9f8,0x0000000088a80000)
 Metaspace       used 60269K, capacity 62140K, committed 62336K, reserved 1103872K
  class space    used 7872K, capacity 8235K, committed 8320K, reserved 1048576K
}
Event: 29.675 GC heap before
{Heap before GC invocations=19 (full 3):
 PSYoungGen      total 243712K, used 236508K [0x00000000d5f00000, 0x00000000e6c80000, 0x0000000100000000)
  eden space 221184K, 100% used [0x00000000d5f00000,0x00000000e3700000,0x00000000e3700000)
  from space 22528K, 68% used [0x00000000e3700000,0x00000000e45f7238,0x00000000e4d00000)
  to   space 20992K, 0% used [0x00000000e4d00000,0x00000000e4d00000,0x00000000e6180000)
 ParOldGen       total 113152K, used 64562K [0x0000000081c00000, 0x0000000088a80000, 0x00000000d5f00000)
  object space 113152K, 57% used [0x0000000081c00000,0x0000000085b0c9f8,0x0000000088a80000)
 Metaspace       used 60270K, capacity 62140K, committed 62336K, reserved 1103872K
  class space    used 7872K, capacity 8235K, committed 8320K, reserved 1048576K
Event: 29.718 GC heap after
Heap after GC invocations=19 (full 3):
 PSYoungGen      total 242176K, used 11552K [0x00000000d5f00000, 0x00000000e6c80000, 0x0000000100000000)
  eden space 221184K, 0% used [0x00000000d5f00000,0x00000000d5f00000,0x00000000e3700000)
  from space 20992K, 55% used [0x00000000e4d00000,0x00000000e5848010,0x00000000e6180000)
  to   space 22528K, 0% used [0x00000000e3700000,0x00000000e3700000,0x00000000e4d00000)
 ParOldGen       total 113152K, used 79539K [0x0000000081c00000, 0x0000000088a80000, 0x00000000d5f00000)
  object space 113152K, 70% used [0x0000000081c00000,0x00000000869acc30,0x0000000088a80000)
 Metaspace       used 60270K, capacity 62140K, committed 62336K, reserved 1103872K
  class space    used 7872K, capacity 8235K, committed 8320K, reserved 1048576K
}
Event: 36.110 GC heap before
{Heap before GC invocations=20 (full 3):
 PSYoungGen      total 242176K, used 226301K [0x00000000d5f00000, 0x00000000e6c80000, 0x0000000100000000)
  eden space 221184K, 97% used [0x00000000d5f00000,0x00000000e30b73f8,0x00000000e3700000)
  from space 20992K, 55% used [0x00000000e4d00000,0x00000000e5848010,0x00000000e6180000)
  to   space 22528K, 0% used [0x00000000e3700000,0x00000000e3700000,0x00000000e4d00000)
 ParOldGen       total 113152K, used 79539K [0x0000000081c00000, 0x0000000088a80000, 0x00000000d5f00000)
  object space 113152K, 70% used [0x0000000081c00000,0x00000000869acc30,0x0000000088a80000)
 Metaspace       used 63827K, capacity 66286K, committed 66432K, reserved 1107968K
  class space    used 8399K, capacity 8822K, committed 8832K, reserved 1048576K
Event: 36.138 GC heap after
Heap after GC invocations=20 (full 3):
 PSYoungGen      total 243712K, used 12247K [0x00000000d5f00000, 0x00000000e8b00000, 0x0000000100000000)
  eden space 221184K, 0% used [0x00000000d5f00000,0x00000000d5f00000,0x00000000e3700000)
  from space 22528K, 54% used [0x00000000e3700000,0x00000000e42f5db8,0x00000000e4d00000)
  to   space 22016K, 0% used [0x00000000e7580000,0x00000000e7580000,0x00000000e8b00000)
 ParOldGen       total 113152K, used 87459K [0x0000000081c00000, 0x0000000088a80000, 0x00000000d5f00000)
  object space 113152K, 77% used [0x0000000081c00000,0x0000000087168c30,0x0000000088a80000)
 Metaspace       used 63827K, capacity 66286K, committed 66432K, reserved 1107968K
  class space    used 8399K, capacity 8822K, committed 8832K, reserved 1048576K
}

Deoptimization events (10 events):
Event: 33.673 Thread 0x00000000023ce800 Uncommon trap: reason=unstable_if action=reinterpret pc=0x00000000030c0e94 method=org.springframework.util.ConcurrentReferenceHashMap$Segment.clear()V @ 4
Event: 33.772 Thread 0x00000000023ce800 Uncommon trap: reason=unstable_if action=reinterpret pc=0x000000000339eccc method=org.springframework.core.annotation.AnnotatedElementUtils$MergedAnnotationAttributesProcessor.<init>(ZZZ)V @ 21
Event: 36.506 Thread 0x00000000023ce800 Uncommon trap: reason=unstable_if action=reinterpret pc=0x000000000353225c method=com.fasterxml.jackson.core.json.JsonReadContext.expectComma()Z @ 16
Event: 36.507 Thread 0x00000000023ce800 Uncommon trap: reason=unstable_if action=reinterpret pc=0x000000000352f604 method=com.fasterxml.jackson.core.json.JsonReadContext.createChildArrayContext(II)Lcom/fasterxml/jackson/core/json/JsonReadContext; @ 6
Event: 37.644 Thread 0x00000000023ce800 Uncommon trap: reason=unstable_if action=reinterpret pc=0x0000000003c8f81c method=org.springframework.core.annotation.AnnotatedElementUtils.searchWithFindSemantics(Ljava/lang/reflect/AnnotatedElement;Ljava/util/Set;Ljava/lang/String;Ljava/lang/Class;Lorg/
Event: 37.664 Thread 0x00000000023ce800 Uncommon trap: reason=unstable_if action=reinterpret pc=0x0000000002ac38c8 method=java.util.regex.Pattern$CharProperty.match(Ljava/util/regex/Matcher;ILjava/lang/CharSequence;)Z @ 40
Event: 37.758 Thread 0x00000000023ce800 Uncommon trap: reason=unstable_if action=reinterpret pc=0x0000000003579974 method=org.springframework.core.annotation.AnnotationUtils.adaptValue(Ljava/lang/Object;Ljava/lang/Object;ZZ)Ljava/lang/Object; @ 8
Event: 37.765 Thread 0x00000000023ce800 Uncommon trap: reason=null_check action=make_not_entrant pc=0x000000000396db68 method=org.springframework.beans.CachedIntrospectionResults.forClass(Ljava/lang/Class;)Lorg/springframework/beans/CachedIntrospectionResults; @ 9
Event: 37.778 Thread 0x00000000023ce800 Uncommon trap: reason=unstable_if action=reinterpret pc=0x00000000032999f0 method=org.springframework.beans.BeanWrapperImpl$BeanPropertyHandler.<init>(Lorg/springframework/beans/BeanWrapperImpl;Ljava/beans/PropertyDescriptor;)V @ 14
Event: 37.803 Thread 0x00000000023ce800 Uncommon trap: reason=class_check action=maybe_recompile pc=0x0000000003774b28 method=java.util.AbstractMap.hashCode()I @ 3

Classes redefined (0 events):
No events

Internal exceptions (10 events):
Event: 37.770 Thread 0x00000000023ce800 Exception <a 'java/lang/ClassNotFoundException': org/springframework/beans/factory/support/BeanDefinitionRegistryPostProcessorCustomizer> (0x00000000dc1f01a8) thrown at [C:\re\workspace\8-2-build-windows-amd64-cygwin\jdk8u191\11896\hotspot\src\share\vm\cl
Event: 37.771 Thread 0x00000000023ce800 Exception <a 'java/lang/ClassNotFoundException': org/springframework/beans/factory/config/BeanFactoryPostProcessorCustomizer> (0x00000000dc210ec0) thrown at [C:\re\workspace\8-2-build-windows-amd64-cygwin\jdk8u191\11896\hotspot\src\share\vm\classfile\syst
Event: 37.771 Thread 0x00000000023ce800 Exception <a 'java/lang/ClassNotFoundException': org/springframework/core/PriorityOrderedCustomizer> (0x00000000dc229488) thrown at [C:\re\workspace\8-2-build-windows-amd64-cygwin\jdk8u191\11896\hotspot\src\share\vm\classfile\systemDictionary.cpp, line 21
Event: 37.772 Thread 0x00000000023ce800 Exception <a 'java/lang/ClassNotFoundException': org/springframework/core/OrderedCustomizer> (0x00000000dc23e588) thrown at [C:\re\workspace\8-2-build-windows-amd64-cygwin\jdk8u191\11896\hotspot\src\share\vm\classfile\systemDictionary.cpp, line 210]
Event: 37.773 Thread 0x00000000023ce800 Exception <a 'java/lang/ClassNotFoundException': org/springframework/context/ResourceLoaderAwareCustomizer> (0x00000000dc259000) thrown at [C:\re\workspace\8-2-build-windows-amd64-cygwin\jdk8u191\11896\hotspot\src\share\vm\classfile\systemDictionary.cpp, 
Event: 37.773 Thread 0x00000000023ce800 Exception <a 'java/lang/ClassNotFoundException': org/springframework/beans/factory/AwareCustomizer> (0x00000000dc271848) thrown at [C:\re\workspace\8-2-build-windows-amd64-cygwin\jdk8u191\11896\hotspot\src\share\vm\classfile\systemDictionary.cpp, line 210
Event: 37.774 Thread 0x00000000023ce800 Exception <a 'java/lang/ClassNotFoundException': org/springframework/beans/factory/BeanClassLoaderAwareCustomizer> (0x00000000dc28dba0) thrown at [C:\re\workspace\8-2-build-windows-amd64-cygwin\jdk8u191\11896\hotspot\src\share\vm\classfile\systemDictionar
Event: 37.774 Thread 0x00000000023ce800 Exception <a 'java/lang/ClassNotFoundException': org/springframework/beans/factory/AwareCustomizer> (0x00000000dc2a64b8) thrown at [C:\re\workspace\8-2-build-windows-amd64-cygwin\jdk8u191\11896\hotspot\src\share\vm\classfile\systemDictionary.cpp, line 210
Event: 37.776 Thread 0x00000000023ce800 Exception <a 'java/lang/ClassNotFoundException': org/springframework/context/EnvironmentAwareCustomizer> (0x00000000dc2bf4a8) thrown at [C:\re\workspace\8-2-build-windows-amd64-cygwin\jdk8u191\11896\hotspot\src\share\vm\classfile\systemDictionary.cpp, lin
Event: 37.778 Thread 0x00000000023ce800 Exception <a 'java/lang/ClassNotFoundException': org/springframework/beans/factory/AwareCustomizer> (0x00000000dc2d7ca0) thrown at [C:\re\workspace\8-2-build-windows-amd64-cygwin\jdk8u191\11896\hotspot\src\share\vm\classfile\systemDictionary.cpp, line 210

Events (10 events):
Event: 38.025 loading class org/eclipse/jetty/server/Server
Event: 38.025 loading class org/eclipse/jetty/server/Server done
Event: 38.025 loading class org/eclipse/jetty/util/Loader
Event: 38.025 loading class org/eclipse/jetty/util/Loader done
Event: 38.025 loading class org/eclipse/jetty/webapp/WebAppContext
Event: 38.025 loading class org/eclipse/jetty/webapp/WebAppContext done
Event: 38.026 loading class io/undertow/Undertow
Event: 38.026 loading class io/undertow/Undertow done
Event: 38.026 loading class org/xnio/SslClientAuthMode
Event: 38.026 loading class org/xnio/SslClientAuthMode done


Dynamic libraries:
0x00007ff6af3f0000 - 0x00007ff6af427000 	C:\Program Files\Java\jdk1.8.0_191\jre\bin\java.exe
0x00007ffae5040000 - 0x00007ffae522d000 	C:\Windows\SYSTEM32\ntdll.dll
0x00007ffae48a0000 - 0x00007ffae4953000 	C:\Windows\System32\KERNEL32.DLL
0x00007ffae13c0000 - 0x00007ffae1653000 	C:\Windows\System32\KERNELBASE.dll
0x00007ffae2550000 - 0x00007ffae25f3000 	C:\Windows\System32\ADVAPI32.dll
0x00007ffae2260000 - 0x00007ffae22fe000 	C:\Windows\System32\msvcrt.dll
0x00007ffae45b0000 - 0x00007ffae464e000 	C:\Windows\System32\sechost.dll
0x00007ffae4d40000 - 0x00007ffae4e62000 	C:\Windows\System32\RPCRT4.dll
0x00007ffae4e70000 - 0x00007ffae5007000 	C:\Windows\System32\USER32.dll
0x00007ffae12a0000 - 0x00007ffae12c0000 	C:\Windows\System32\win32u.dll
0x00007ffae26c0000 - 0x00007ffae26e9000 	C:\Windows\System32\GDI32.dll
0x00007ffae1100000 - 0x00007ffae1299000 	C:\Windows\System32\gdi32full.dll
0x00007ffae19a0000 - 0x00007ffae1a40000 	C:\Windows\System32\msvcp_win.dll
0x00007ffae18a0000 - 0x00007ffae199a000 	C:\Windows\System32\ucrtbase.dll
0x00007ffad0b90000 - 0x00007ffad0e09000 	C:\Windows\WinSxS\amd64_microsoft.windows.common-controls_6595b64144ccf1df_6.0.17763.864_none_05b3441807210760\COMCTL32.dll
0x00007ffae4960000 - 0x00007ffae4c8c000 	C:\Windows\System32\combase.dll
0x00007ffae1a40000 - 0x00007ffae1abe000 	C:\Windows\System32\bcryptPrimitives.dll
0x00007ffae4650000 - 0x00007ffae467e000 	C:\Windows\System32\IMM32.DLL
0x0000000070780000 - 0x0000000070852000 	C:\Program Files\Java\jdk1.8.0_191\jre\bin\msvcr100.dll
0x000000006f9d0000 - 0x0000000070274000 	C:\Program Files\Java\jdk1.8.0_191\jre\bin\server\jvm.dll
0x00007ffae28a0000 - 0x00007ffae28a8000 	C:\Windows\System32\PSAPI.DLL
0x00007ffadc200000 - 0x00007ffadc20a000 	C:\Windows\SYSTEM32\VERSION.dll
0x00007ffad6960000 - 0x00007ffad6969000 	C:\Windows\SYSTEM32\WSOCK32.dll
0x00007ffad76a0000 - 0x00007ffad76c4000 	C:\Windows\SYSTEM32\WINMM.dll
0x00007ffae4540000 - 0x00007ffae45ad000 	C:\Windows\System32\WS2_32.dll
0x00007ffad7670000 - 0x00007ffad769d000 	C:\Windows\SYSTEM32\winmmbase.dll
0x00007ffae2210000 - 0x00007ffae225a000 	C:\Windows\System32\cfgmgr32.dll
0x0000000070770000 - 0x000000007077f000 	C:\Program Files\Java\jdk1.8.0_191\jre\bin\verify.dll
0x0000000070740000 - 0x0000000070769000 	C:\Program Files\Java\jdk1.8.0_191\jre\bin\java.dll
0x00000000706f0000 - 0x0000000070706000 	C:\Program Files\Java\jdk1.8.0_191\jre\bin\zip.dll
0x00007ffae3040000 - 0x00007ffae4534000 	C:\Windows\System32\SHELL32.dll
0x00007ffae4c90000 - 0x00007ffae4d38000 	C:\Windows\System32\shcore.dll
0x00007ffae1ac0000 - 0x00007ffae220d000 	C:\Windows\System32\windows.storage.dll
0x00007ffae10d0000 - 0x00007ffae10f4000 	C:\Windows\System32\profapi.dll
0x00007ffae1070000 - 0x00007ffae10cd000 	C:\Windows\System32\powrprof.dll
0x00007ffae2600000 - 0x00007ffae2652000 	C:\Windows\System32\shlwapi.dll
0x00007ffae1030000 - 0x00007ffae1041000 	C:\Windows\System32\kernel.appcore.dll
0x00007ffae13a0000 - 0x00007ffae13b7000 	C:\Windows\System32\cryptsp.dll
0x0000000070730000 - 0x000000007073d000 	C:\Program Files\Java\jdk1.8.0_191\jre\bin\management.dll
0x00000000706d0000 - 0x00000000706ea000 	C:\Program Files\Java\jdk1.8.0_191\jre\bin\net.dll
0x00007ffae08a0000 - 0x00007ffae0907000 	C:\Windows\system32\mswsock.dll
0x00000000706b0000 - 0x00000000706c1000 	C:\Program Files\Java\jdk1.8.0_191\jre\bin\nio.dll
0x00007ffac1b70000 - 0x00007ffac1b86000 	C:\Windows\system32\napinsp.dll
0x00007ffac1b50000 - 0x00007ffac1b6a000 	C:\Windows\system32\pnrpnsp.dll
0x00007ffae0600000 - 0x00007ffae06c6000 	C:\Windows\SYSTEM32\DNSAPI.dll
0x00007ffae46e0000 - 0x00007ffae46e8000 	C:\Windows\System32\NSI.dll
0x00007ffae05c0000 - 0x00007ffae05fd000 	C:\Windows\SYSTEM32\IPHLPAPI.DLL
0x00007ffac3db0000 - 0x00007ffac3dbe000 	C:\Windows\System32\winrnr.dll
0x00007ffadc350000 - 0x00007ffadc36b000 	C:\Windows\system32\NLAapi.dll
0x00007ffac1b30000 - 0x00007ffac1b45000 	C:\Windows\system32\wshbth.dll
0x00007ffad71e0000 - 0x00007ffad71ea000 	C:\Windows\System32\rasadhlp.dll
0x00007ffad76d0000 - 0x00007ffad7749000 	C:\Windows\System32\fwpuclnt.dll
0x00007ffae12c0000 - 0x00007ffae12e6000 	C:\Windows\System32\bcrypt.dll
0x00007ffae0420000 - 0x00007ffae0453000 	C:\Windows\system32\rsaenh.dll
0x00007ffae0f60000 - 0x00007ffae0f88000 	C:\Windows\SYSTEM32\USERENV.dll
0x00007ffae0a70000 - 0x00007ffae0a7c000 	C:\Windows\SYSTEM32\CRYPTBASE.dll
0x00007ffadb180000 - 0x00007ffadb196000 	C:\Windows\SYSTEM32\dhcpcsvc6.DLL
0x00007ffadbaf0000 - 0x00007ffadbb0c000 	C:\Windows\SYSTEM32\dhcpcsvc.DLL
0x0000000070680000 - 0x00000000706a4000 	C:\Program Files\Java\jdk1.8.0_191\jre\bin\sunec.dll
0x0000000070720000 - 0x000000007072b000 	C:\Program Files\Java\jdk1.8.0_191\jre\bin\sunmscapi.dll
0x00007ffae16c0000 - 0x00007ffae189b000 	C:\Windows\System32\CRYPT32.dll
0x00007ffae1050000 - 0x00007ffae1062000 	C:\Windows\System32\MSASN1.dll

VM Arguments:
java_command: C:\Users\sorat\AppData\Local\Temp\surefire1651333000702417330\surefirebooter378613362779671345.jar C:\Users\sorat\AppData\Local\Temp\surefire1651333000702417330 2019-12-05T16-45-20_750-jvmRun1 surefire4089254209444679613tmp surefire_02523907190122622768tmp
java_class_path (initial): C:\Users\sorat\AppData\Local\Temp\surefire1651333000702417330\surefirebooter378613362779671345.jar
Launcher Type: SUN_STANDARD

Environment Variables:
JAVA_HOME=C:\Program Files\Java\jdk1.8.0_191
PATH=C:\Program Files (x86)\Common Files\Oracle\Java\javapath;C:\Windows\system32;C:\Windows;C:\Windows\System32\Wbem;C:\Windows\System32\WindowsPowerShell\v1.0\;C:\Windows\System32\OpenSSH\;C:\Program Files (x86)\NVIDIA Corporation\PhysX\Common;C:\Program Files\NVIDIA Corporation\NVIDIA NvDLISR;C:\Program Files\Intel\WiFi\bin\;C:\Program Files\Common Files\Intel\WirelessCommon\;D:\Git\cmd;D:\PuTTY\;C:\Users\sorat\Downloads\ffmpeg-20190402-6aeaac3-win64-static\ffmpeg-20190402-6aeaac3-win64-static\bin;D:\apache-maven-3.6.3-bin\apache-maven-3.6.3\bin;D:\Anaconda;D:\Anaconda\Library\mingw-w64\bin;D:\Anaconda\Library\usr\bin;D:\Anaconda\Library\bin;D:\Anaconda\Scripts;C:\Program Files\Java\jre1.8.0_201\bin;
USERNAME=Boom
OS=Windows_NT
PROCESSOR_IDENTIFIER=Intel64 Family 6 Model 142 Stepping 9, GenuineIntel



---------------  S Y S T E M  ---------------

OS: Windows 10.0 , 64 bit Build 17763 (10.0.17763.475)

CPU:total 4 (initial active 4) (2 cores per cpu, 2 threads per core) family 6 model 142 stepping 9, cmov, cx8, fxsr, mmx, sse, sse2, sse3, ssse3, sse4.1, sse4.2, popcnt, avx, avx2, aes, clmul, erms, 3dnowpref, lzcnt, ht, tsc, tscinvbit, bmi1, bmi2, adx

Memory: 4k page, physical 8272596k(630768k free), swap 33438420k(5276k free)

vm_info: Java HotSpot(TM) 64-Bit Server VM (25.191-b12) for windows-amd64 JRE (1.8.0_191-b12), built on Oct  6 2018 09:29:03 by "java_re" with MS VC++ 10.0 (VS2010)

time: Thu Dec 05 16:46:00 2019
elapsed time: 38 seconds (0d 0h 0m 38s)

