#
# There is insufficient memory for the Java Runtime Environment to continue.
# Native memory allocation (malloc) failed to allocate 1145296 bytes for Chunk::new
# Possible reasons:
#   The system is out of physical RAM or swap space
#   In 32 bit mode, the process size limit was hit
# Possible solutions:
#   Reduce memory load on the system
#   Increase physical memory or swap space
#   Check if swap backing store is full
#   Use 64 bit Java on a 64 bit OS
#   Decrease Java heap size (-Xmx/-Xms)
#   Decrease number of Java threads
#   Decrease Java thread stack sizes (-Xss)
#   Set larger code cache with -XX:ReservedCodeCacheSize=
# This output file may be truncated or incomplete.
#
#  Out of Memory Error (allocation.cpp:390), pid=21152, tid=0x0000000000002dd8
#
# JRE version: Java(TM) SE Runtime Environment (8.0_191-b12) (build 1.8.0_191-b12)
# Java VM: Java HotSpot(TM) 64-Bit Server VM (25.191-b12 mixed mode windows-amd64 compressed oops)
# Failed to write core dump. Minidumps are not enabled by default on client versions of Windows
#

---------------  T H R E A D  ---------------

Current thread (0x0000000017eee000):  JavaThread "C2 CompilerThread1" daemon [_thread_in_native, id=11736, stack(0x00000000195e0000,0x00000000196e0000)]

Stack: [0x00000000195e0000,0x00000000196e0000]
[error occurred during error reporting (printing stack bounds), id 0xc0000005]

Native frames: (J=compiled Java code, j=interpreted, Vv=VM code, C=native code)


Current CompileTask:
C2:  21592 6603       4       org.hsqldb.ParserDML::compileInsertStatement (1625 bytes)


---------------  P R O C E S S  ---------------

Java Threads: ( => current thread )
  0x000000001af11800 JavaThread "Keep-Alive-Timer" daemon [_thread_blocked, id=8628, stack(0x0000000022c80000,0x0000000022d80000)]
  0x000000001af15000 JavaThread "HikariPool-1 housekeeper" daemon [_thread_blocked, id=16772, stack(0x000000001edd0000,0x000000001eed0000)]
  0x00000000198d8000 JavaThread "surefire-forkedjvm-ping-30s" daemon [_thread_in_native, id=22312, stack(0x0000000019ee0000,0x0000000019fe0000)]
  0x0000000019888800 JavaThread "surefire-forkedjvm-command-thread" daemon [_thread_in_native, id=14952, stack(0x0000000019de0000,0x0000000019ee0000)]
  0x000000001975e000 JavaThread "Service Thread" daemon [_thread_blocked, id=5332, stack(0x0000000019be0000,0x0000000019ce0000)]
  0x00000000196e0800 JavaThread "C1 CompilerThread2" daemon [_thread_blocked, id=21852, stack(0x0000000019ae0000,0x0000000019be0000)]
=>0x0000000017eee000 JavaThread "C2 CompilerThread1" daemon [_thread_in_native, id=11736, stack(0x00000000195e0000,0x00000000196e0000)]
  0x0000000017e9a000 JavaThread "C2 CompilerThread0" daemon [_thread_in_native, id=21712, stack(0x00000000194e0000,0x00000000195e0000)]
  0x0000000017e98000 JavaThread "Attach Listener" daemon [_thread_blocked, id=1896, stack(0x00000000193e0000,0x00000000194e0000)]
  0x0000000017ee5800 JavaThread "Signal Dispatcher" daemon [_thread_blocked, id=928, stack(0x00000000192e0000,0x00000000193e0000)]
  0x000000000335c000 JavaThread "Finalizer" daemon [_thread_blocked, id=5608, stack(0x00000000190e0000,0x00000000191e0000)]
  0x0000000003353000 JavaThread "Reference Handler" daemon [_thread_blocked, id=21544, stack(0x0000000018fe0000,0x00000000190e0000)]
  0x0000000003262800 JavaThread "main" [_thread_in_Java, id=22056, stack(0x0000000003080000,0x0000000003180000)]

Other Threads:
  0x0000000017e58000 VMThread [stack: 0x0000000018ee0000,0x0000000018fe0000] [id=6612]
  0x0000000019786800 WatcherThread [stack: 0x0000000019ce0000,0x0000000019de0000] [id=16816]

VM state:not at safepoint (normal execution)

VM Mutex/Monitor currently owned by a thread: None

Heap:
 PSYoungGen      total 255488K, used 187600K [0x00000000d5f00000, 0x00000000e9b80000, 0x0000000100000000)
  eden space 222208K, 69% used [0x00000000d5f00000,0x00000000df5b9298,0x00000000e3800000)
  from space 33280K, 99% used [0x00000000e5e80000,0x00000000e7efae58,0x00000000e7f00000)
  to   space 39424K, 0% used [0x00000000e3800000,0x00000000e3800000,0x00000000e5e80000)
 ParOldGen       total 143872K, used 49165K [0x0000000081c00000, 0x000000008a880000, 0x00000000d5f00000)
  object space 143872K, 34% used [0x0000000081c00000,0x0000000084c03468,0x000000008a880000)
 Metaspace       used 60230K, capacity 62120K, committed 62232K, reserved 1103872K
  class space    used 7875K, capacity 8235K, committed 8240K, reserved 1048576K

Card table byte_map: [0x0000000012720000,0x0000000012b20000] byte_map_base: 0x0000000012312000

Marking Bits: (ParMarkBitMap*) 0x00000000701f3e30
 Begin Bits: [0x00000000131d0000, 0x0000000015160000)
 End Bits:   [0x0000000015160000, 0x00000000170f0000)

Polling page: 0x0000000003020000

CodeCache: size=245760Kb used=20219Kb max_used=20317Kb free=225540Kb
 bounds [0x0000000003360000, 0x0000000004760000, 0x0000000012360000]
 total_blobs=6439 nmethods=5838 adapters=512
 compilation: enabled

Compilation events (10 events):
Event: 21.556 Thread 0x0000000017e9a000 nmethod 6579 0x00000000034df8d0 code [0x00000000034dfa00, 0x00000000034dfab8]
Event: 21.556 Thread 0x0000000017e9a000 6580       4       org.hsqldb.ParserDQL::readOpenBrackets (27 bytes)
Event: 21.557 Thread 0x0000000017e9a000 nmethod 6580 0x000000000423ef50 code [0x000000000423f0a0, 0x000000000423f188]
Event: 21.584 Thread 0x0000000017e9a000 6651       4       org.hibernate.collection.internal.AbstractPersistentCollection::postAction (15 bytes)
Event: 21.585 Thread 0x0000000017e9a000 nmethod 6651 0x000000000351a5d0 code [0x000000000351a700, 0x000000000351a778]
Event: 21.585 Thread 0x0000000017e9a000 6652       4       org.hibernate.engine.spi.CollectionEntry::afterAction (100 bytes)
Event: 21.587 Thread 0x0000000017e9a000 nmethod 6652 0x00000000034e0310 code [0x00000000034e0480, 0x00000000034e0688]
Event: 21.587 Thread 0x0000000017e9a000 6653       4       org.hibernate.action.internal.CollectionRecreateAction::postRecreate (82 bytes)
Event: 21.590 Thread 0x0000000017e9a000 nmethod 6653 0x0000000003e1c650 code [0x0000000003e1c7c0, 0x0000000003e1c9e8]
Event: 21.590 Thread 0x0000000017e9a000 6654       4       org.hibernate.action.internal.CollectionAction::evict (67 bytes)

GC Heap History (10 events):
Event: 8.422 GC heap before
{Heap before GC invocations=13 (full 3):
 PSYoungGen      total 172544K, used 11118K [0x00000000d5f00000, 0x00000000e2080000, 0x0000000100000000)
  eden space 157184K, 0% used [0x00000000d5f00000,0x00000000d5f00000,0x00000000df880000)
  from space 15360K, 72% used [0x00000000e0800000,0x00000000e12dba58,0x00000000e1700000)
  to   space 15872K, 0% used [0x00000000df880000,0x00000000df880000,0x00000000e0800000)
 ParOldGen       total 101376K, used 18070K [0x0000000081c00000, 0x0000000087f00000, 0x00000000d5f00000)
  object space 101376K, 17% used [0x0000000081c00000,0x0000000082da58e0,0x0000000087f00000)
 Metaspace       used 57245K, capacity 59112K, committed 59160K, reserved 1099776K
  class space    used 7641K, capacity 7969K, committed 7984K, reserved 1048576K
Event: 8.580 GC heap after
Heap after GC invocations=13 (full 3):
 PSYoungGen      total 172544K, used 0K [0x00000000d5f00000, 0x00000000e2080000, 0x0000000100000000)
  eden space 157184K, 0% used [0x00000000d5f00000,0x00000000d5f00000,0x00000000df880000)
  from space 15360K, 0% used [0x00000000e0800000,0x00000000e0800000,0x00000000e1700000)
  to   space 15872K, 0% used [0x00000000df880000,0x00000000df880000,0x00000000e0800000)
 ParOldGen       total 143872K, used 22789K [0x0000000081c00000, 0x000000008a880000, 0x00000000d5f00000)
  object space 143872K, 15% used [0x0000000081c00000,0x0000000083241680,0x000000008a880000)
 Metaspace       used 57245K, capacity 59112K, committed 59160K, reserved 1099776K
  class space    used 7641K, capacity 7969K, committed 7984K, reserved 1048576K
}
Event: 18.375 GC heap before
{Heap before GC invocations=14 (full 3):
 PSYoungGen      total 172544K, used 157184K [0x00000000d5f00000, 0x00000000e2080000, 0x0000000100000000)
  eden space 157184K, 100% used [0x00000000d5f00000,0x00000000df880000,0x00000000df880000)
  from space 15360K, 0% used [0x00000000e0800000,0x00000000e0800000,0x00000000e1700000)
  to   space 15872K, 0% used [0x00000000df880000,0x00000000df880000,0x00000000e0800000)
 ParOldGen       total 143872K, used 22789K [0x0000000081c00000, 0x000000008a880000, 0x00000000d5f00000)
  object space 143872K, 15% used [0x0000000081c00000,0x0000000083241680,0x000000008a880000)
 Metaspace       used 60005K, capacity 61928K, committed 61976K, reserved 1103872K
  class space    used 7860K, capacity 8235K, committed 8240K, reserved 1048576K
Event: 18.405 GC heap after
Heap after GC invocations=14 (full 3):
 PSYoungGen      total 173056K, used 15851K [0x00000000d5f00000, 0x00000000e3b80000, 0x0000000100000000)
  eden space 157184K, 0% used [0x00000000d5f00000,0x00000000d5f00000,0x00000000df880000)
  from space 15872K, 99% used [0x00000000df880000,0x00000000e07faec8,0x00000000e0800000)
  to   space 20992K, 0% used [0x00000000e2700000,0x00000000e2700000,0x00000000e3b80000)
 ParOldGen       total 143872K, used 31234K [0x0000000081c00000, 0x000000008a880000, 0x00000000d5f00000)
  object space 143872K, 21% used [0x0000000081c00000,0x0000000083a80bd0,0x000000008a880000)
 Metaspace       used 60005K, capacity 61928K, committed 61976K, reserved 1103872K
  class space    used 7860K, capacity 8235K, committed 8240K, reserved 1048576K
}
Event: 19.508 GC heap before
{Heap before GC invocations=15 (full 3):
 PSYoungGen      total 173056K, used 173035K [0x00000000d5f00000, 0x00000000e3b80000, 0x0000000100000000)
  eden space 157184K, 100% used [0x00000000d5f00000,0x00000000df880000,0x00000000df880000)
  from space 15872K, 99% used [0x00000000df880000,0x00000000e07faec8,0x00000000e0800000)
  to   space 20992K, 0% used [0x00000000e2700000,0x00000000e2700000,0x00000000e3b80000)
 ParOldGen       total 143872K, used 31234K [0x0000000081c00000, 0x000000008a880000, 0x00000000d5f00000)
  object space 143872K, 21% used [0x0000000081c00000,0x0000000083a80bd0,0x000000008a880000)
 Metaspace       used 60008K, capacity 61928K, committed 61976K, reserved 1103872K
  class space    used 7860K, capacity 8235K, committed 8240K, reserved 1048576K
Event: 19.549 GC heap after
Heap after GC invocations=15 (full 3):
 PSYoungGen      total 198656K, used 20971K [0x00000000d5f00000, 0x00000000e5000000, 0x0000000100000000)
  eden space 177664K, 0% used [0x00000000d5f00000,0x00000000d5f00000,0x00000000e0c80000)
  from space 20992K, 99% used [0x00000000e2700000,0x00000000e3b7aea8,0x00000000e3b80000)
  to   space 27136K, 0% used [0x00000000e0c80000,0x00000000e0c80000,0x00000000e2700000)
 ParOldGen       total 143872K, used 39859K [0x0000000081c00000, 0x000000008a880000, 0x00000000d5f00000)
  object space 143872K, 27% used [0x0000000081c00000,0x00000000842ecc30,0x000000008a880000)
 Metaspace       used 60008K, capacity 61928K, committed 61976K, reserved 1103872K
  class space    used 7860K, capacity 8235K, committed 8240K, reserved 1048576K
}
Event: 20.559 GC heap before
{Heap before GC invocations=16 (full 3):
 PSYoungGen      total 198656K, used 198635K [0x00000000d5f00000, 0x00000000e5000000, 0x0000000100000000)
  eden space 177664K, 100% used [0x00000000d5f00000,0x00000000e0c80000,0x00000000e0c80000)
  from space 20992K, 99% used [0x00000000e2700000,0x00000000e3b7aea8,0x00000000e3b80000)
  to   space 27136K, 0% used [0x00000000e0c80000,0x00000000e0c80000,0x00000000e2700000)
 ParOldGen       total 143872K, used 39859K [0x0000000081c00000, 0x000000008a880000, 0x00000000d5f00000)
  object space 143872K, 27% used [0x0000000081c00000,0x00000000842ecc30,0x000000008a880000)
 Metaspace       used 60229K, capacity 62120K, committed 62232K, reserved 1103872K
  class space    used 7875K, capacity 8235K, committed 8240K, reserved 1048576K
Event: 20.614 GC heap after
Heap after GC invocations=16 (full 3):
 PSYoungGen      total 204800K, used 27132K [0x00000000d5f00000, 0x00000000e7f00000, 0x0000000100000000)
  eden space 177664K, 0% used [0x00000000d5f00000,0x00000000d5f00000,0x00000000e0c80000)
  from space 27136K, 99% used [0x00000000e0c80000,0x00000000e26ff098,0x00000000e2700000)
  to   space 33280K, 0% used [0x00000000e5e80000,0x00000000e5e80000,0x00000000e7f00000)
 ParOldGen       total 143872K, used 46260K [0x0000000081c00000, 0x000000008a880000, 0x00000000d5f00000)
  object space 143872K, 32% used [0x0000000081c00000,0x000000008492d2d8,0x000000008a880000)
 Metaspace       used 60229K, capacity 62120K, committed 62232K, reserved 1103872K
  class space    used 7875K, capacity 8235K, committed 8240K, reserved 1048576K
}
Event: 21.102 GC heap before
{Heap before GC invocations=17 (full 3):
 PSYoungGen      total 204800K, used 204796K [0x00000000d5f00000, 0x00000000e7f00000, 0x0000000100000000)
  eden space 177664K, 100% used [0x00000000d5f00000,0x00000000e0c80000,0x00000000e0c80000)
  from space 27136K, 99% used [0x00000000e0c80000,0x00000000e26ff098,0x00000000e2700000)
  to   space 33280K, 0% used [0x00000000e5e80000,0x00000000e5e80000,0x00000000e7f00000)
 ParOldGen       total 143872K, used 46260K [0x0000000081c00000, 0x000000008a880000, 0x00000000d5f00000)
  object space 143872K, 32% used [0x0000000081c00000,0x000000008492d2d8,0x000000008a880000)
 Metaspace       used 60229K, capacity 62120K, committed 62232K, reserved 1103872K
  class space    used 7875K, capacity 8235K, committed 8240K, reserved 1048576K
Event: 21.171 GC heap after
Heap after GC invocations=17 (full 3):
 PSYoungGen      total 255488K, used 33259K [0x00000000d5f00000, 0x00000000e9b80000, 0x0000000100000000)
  eden space 222208K, 0% used [0x00000000d5f00000,0x00000000d5f00000,0x00000000e3800000)
  from space 33280K, 99% used [0x00000000e5e80000,0x00000000e7efae58,0x00000000e7f00000)
  to   space 39424K, 0% used [0x00000000e3800000,0x00000000e3800000,0x00000000e5e80000)
 ParOldGen       total 143872K, used 49165K [0x0000000081c00000, 0x000000008a880000, 0x00000000d5f00000)
  object space 143872K, 34% used [0x0000000081c00000,0x0000000084c03468,0x000000008a880000)
 Metaspace       used 60229K, capacity 62120K, committed 62232K, reserved 1103872K
  class space    used 7875K, capacity 8235K, committed 8240K, reserved 1048576K
}

Deoptimization events (10 events):
Event: 19.887 Thread 0x0000000003262800 Uncommon trap: reason=class_check action=maybe_recompile pc=0x0000000004542230 method=org.hibernate.engine.internal.Cascade.cascade(Lorg/hibernate/engine/spi/CascadingAction;Lorg/hibernate/engine/internal/CascadePoint;Lorg/hibernate/event/spi/EventSource;
Event: 19.943 Thread 0x0000000003262800 Uncommon trap: reason=unstable_if action=reinterpret pc=0x000000000453790c method=org.hibernate.event.internal.WrapVisitor.processCollection(Ljava/lang/Object;Lorg/hibernate/type/CollectionType;)Ljava/lang/Object; @ 8
Event: 20.160 Thread 0x0000000003262800 Uncommon trap: reason=null_check action=make_not_entrant pc=0x0000000004435c68 method=org.hibernate.service.internal.AbstractServiceRegistryImpl.getService(Ljava/lang/Class;)Lorg/hibernate/service/Service; @ 14
Event: 20.166 Thread 0x0000000003262800 Uncommon trap: reason=unstable_if action=reinterpret pc=0x000000000459e970 method=org.hsqldb.StatementDML.collectTableNamesForRead(Lorg/hsqldb/lib/OrderedHashSet;)V @ 40
Event: 20.166 Thread 0x0000000003262800 Uncommon trap: reason=unstable_if action=reinterpret pc=0x00000000045867c4 method=org.hsqldb.map.HashIndex.removeEmptyNode(I)Z @ 12
Event: 20.167 Thread 0x0000000003262800 Uncommon trap: reason=null_check action=make_not_entrant pc=0x0000000004557928 method=org.hsqldb.TransactionManagerCommon.setWaitedSessionsTPL(Lorg/hsqldb/Session;Lorg/hsqldb/Statement;)Z @ 82
Event: 20.167 Thread 0x0000000003262800 Uncommon trap: reason=unstable_if action=reinterpret pc=0x000000000361bb44 method=org.hsqldb.types.NumberType.compare(Lorg/hsqldb/Session;Ljava/lang/Object;Ljava/lang/Object;)I @ 2
Event: 20.168 Thread 0x0000000003262800 Uncommon trap: reason=unstable_if action=reinterpret pc=0x0000000004562d2c method=org.hsqldb.map.HashIndex.removeEmptyNode(I)Z @ 12
Event: 20.732 Thread 0x0000000003262800 Uncommon trap: reason=unstable_if action=reinterpret pc=0x00000000046c55e4 method=org.hsqldb.ParserDML.compileInsertStatement([Lorg/hsqldb/RangeGroup;)Lorg/hsqldb/StatementDMQL; @ 885
Event: 21.245 Thread 0x0000000003262800 Uncommon trap: reason=null_check action=make_not_entrant pc=0x000000000354a910 method=org.hibernate.engine.jdbc.batch.internal.AbstractBatchImpl.getBatchStatement(Ljava/lang/String;Z)Ljava/sql/PreparedStatement; @ 22

Classes redefined (0 events):
No events

Internal exceptions (10 events):
Event: 7.478 Thread 0x0000000003262800 Exception <a 'java/lang/ClassNotFoundException': org/springframework/beans/factory/BeanFactoryAwareCustomizer> (0x00000000dda46e68) thrown at [C:\re\workspace\8-2-build-windows-amd64-cygwin\jdk8u191\11896\hotspot\src\share\vm\classfile\systemDictionary.cp
Event: 7.478 Thread 0x0000000003262800 Exception <a 'java/lang/ClassNotFoundException': org/springframework/beans/factory/AwareCustomizer> (0x00000000dda60540) thrown at [C:\re\workspace\8-2-build-windows-amd64-cygwin\jdk8u191\11896\hotspot\src\share\vm\classfile\systemDictionary.cpp, line 210
Event: 7.479 Thread 0x0000000003262800 Exception <a 'java/lang/ClassNotFoundException': org/springframework/beans/factory/InitializingBeanCustomizer> (0x00000000dda7be98) thrown at [C:\re\workspace\8-2-build-windows-amd64-cygwin\jdk8u191\11896\hotspot\src\share\vm\classfile\systemDictionary.cp
Event: 7.480 Thread 0x0000000003262800 Exception <a 'java/lang/ClassNotFoundException': org/springframework/transaction/PlatformTransactionManagerCustomizer> (0x00000000dda9a778) thrown at [C:\re\workspace\8-2-build-windows-amd64-cygwin\jdk8u191\11896\hotspot\src\share\vm\classfile\systemDicti
Event: 7.522 Thread 0x0000000003262800 Implicit null exception at 0x00000000041dc1d6 to 0x00000000041e2d15
Event: 7.610 Thread 0x0000000003262800 Exception <a 'java/lang/NoSuchMethodError': java.lang.Object.lambda$mapIfAllPresent$6(Ljava/util/Optional;Ljava/util/function/BiFunction;Ljava/lang/Object;)Ljava/util/Optional;> (0x00000000d5fa3970) thrown at [C:\re\workspace\8-2-build-windows-amd64-cygwi
Event: 7.610 Thread 0x0000000003262800 Exception <a 'java/lang/NoSuchMethodError': java.lang.Object.lambda$null$5(Ljava/util/function/BiFunction;Ljava/lang/Object;Ljava/lang/Object;)Ljava/lang/Object;> (0x00000000d5fa8290) thrown at [C:\re\workspace\8-2-build-windows-amd64-cygwin\jdk8u191\1189
Event: 8.104 Thread 0x0000000003262800 Implicit null exception at 0x00000000039cf92f to 0x00000000039d1d75
Event: 20.160 Thread 0x0000000003262800 Implicit null exception at 0x0000000004435ab9 to 0x0000000004435c5d
Event: 21.245 Thread 0x0000000003262800 Implicit null exception at 0x0000000003548e0b to 0x000000000354a8dd

Events (10 events):
Event: 21.207 Thread 0x00000000196e0800 flushing nmethod 0x000000000418f690
Event: 21.207 Thread 0x00000000196e0800 flushing nmethod 0x00000000041b3610
Event: 21.207 Thread 0x00000000196e0800 flushing nmethod 0x000000000422ad50
Event: 21.245 Thread 0x0000000003262800 Uncommon trap: trap_request=0xfffffff4 fr.pc=0x000000000354a910
Event: 21.245 Thread 0x0000000003262800 DEOPT PACKING pc=0x000000000354a910 sp=0x000000000317c370
Event: 21.246 Thread 0x0000000003262800 DEOPT UNPACKING pc=0x00000000033a583b sp=0x000000000317c2a8 mode 2
Event: 21.409 Executing VM operation: RevokeBias
Event: 21.409 Executing VM operation: RevokeBias done
Event: 21.409 Executing VM operation: RevokeBias
Event: 21.409 Executing VM operation: RevokeBias done


Dynamic libraries:
0x00007ff6af3f0000 - 0x00007ff6af427000 	C:\Program Files\Java\jdk1.8.0_191\jre\bin\java.exe
0x00007ffae5040000 - 0x00007ffae522d000 	C:\Windows\SYSTEM32\ntdll.dll
0x00007ffae48a0000 - 0x00007ffae4953000 	C:\Windows\System32\KERNEL32.DLL
0x00007ffae13c0000 - 0x00007ffae1653000 	C:\Windows\System32\KERNELBASE.dll
0x00007ffae2550000 - 0x00007ffae25f3000 	C:\Windows\System32\ADVAPI32.dll
0x00007ffae2260000 - 0x00007ffae22fe000 	C:\Windows\System32\msvcrt.dll
0x00007ffae45b0000 - 0x00007ffae464e000 	C:\Windows\System32\sechost.dll
0x00007ffae4d40000 - 0x00007ffae4e62000 	C:\Windows\System32\RPCRT4.dll
0x00007ffae4e70000 - 0x00007ffae5007000 	C:\Windows\System32\USER32.dll
0x00007ffae12a0000 - 0x00007ffae12c0000 	C:\Windows\System32\win32u.dll
0x00007ffae26c0000 - 0x00007ffae26e9000 	C:\Windows\System32\GDI32.dll
0x00007ffae1100000 - 0x00007ffae1299000 	C:\Windows\System32\gdi32full.dll
0x00007ffae19a0000 - 0x00007ffae1a40000 	C:\Windows\System32\msvcp_win.dll
0x00007ffae18a0000 - 0x00007ffae199a000 	C:\Windows\System32\ucrtbase.dll
0x00007ffad0b90000 - 0x00007ffad0e09000 	C:\Windows\WinSxS\amd64_microsoft.windows.common-controls_6595b64144ccf1df_6.0.17763.864_none_05b3441807210760\COMCTL32.dll
0x00007ffae4960000 - 0x00007ffae4c8c000 	C:\Windows\System32\combase.dll
0x00007ffae1a40000 - 0x00007ffae1abe000 	C:\Windows\System32\bcryptPrimitives.dll
0x00007ffae4650000 - 0x00007ffae467e000 	C:\Windows\System32\IMM32.DLL
0x0000000070780000 - 0x0000000070852000 	C:\Program Files\Java\jdk1.8.0_191\jre\bin\msvcr100.dll
0x000000006f9d0000 - 0x0000000070274000 	C:\Program Files\Java\jdk1.8.0_191\jre\bin\server\jvm.dll
0x00007ffae28a0000 - 0x00007ffae28a8000 	C:\Windows\System32\PSAPI.DLL
0x00007ffadc200000 - 0x00007ffadc20a000 	C:\Windows\SYSTEM32\VERSION.dll
0x00007ffad76a0000 - 0x00007ffad76c4000 	C:\Windows\SYSTEM32\WINMM.dll
0x00007ffad6960000 - 0x00007ffad6969000 	C:\Windows\SYSTEM32\WSOCK32.dll
0x00007ffae4540000 - 0x00007ffae45ad000 	C:\Windows\System32\WS2_32.dll
0x00007ffad7670000 - 0x00007ffad769d000 	C:\Windows\SYSTEM32\WINMMBASE.dll
0x00007ffae2210000 - 0x00007ffae225a000 	C:\Windows\System32\cfgmgr32.dll
0x0000000070770000 - 0x000000007077f000 	C:\Program Files\Java\jdk1.8.0_191\jre\bin\verify.dll
0x0000000070740000 - 0x0000000070769000 	C:\Program Files\Java\jdk1.8.0_191\jre\bin\java.dll
0x00000000706f0000 - 0x0000000070706000 	C:\Program Files\Java\jdk1.8.0_191\jre\bin\zip.dll
0x00007ffae3040000 - 0x00007ffae4534000 	C:\Windows\System32\SHELL32.dll
0x00007ffae4c90000 - 0x00007ffae4d38000 	C:\Windows\System32\shcore.dll
0x00007ffae1ac0000 - 0x00007ffae220d000 	C:\Windows\System32\windows.storage.dll
0x00007ffae10d0000 - 0x00007ffae10f4000 	C:\Windows\System32\profapi.dll
0x00007ffae1070000 - 0x00007ffae10cd000 	C:\Windows\System32\powrprof.dll
0x00007ffae2600000 - 0x00007ffae2652000 	C:\Windows\System32\shlwapi.dll
0x00007ffae1030000 - 0x00007ffae1041000 	C:\Windows\System32\kernel.appcore.dll
0x00007ffae13a0000 - 0x00007ffae13b7000 	C:\Windows\System32\cryptsp.dll
0x0000000070730000 - 0x000000007073d000 	C:\Program Files\Java\jdk1.8.0_191\jre\bin\management.dll
0x00000000706d0000 - 0x00000000706ea000 	C:\Program Files\Java\jdk1.8.0_191\jre\bin\net.dll
0x00007ffae08a0000 - 0x00007ffae0907000 	C:\Windows\system32\mswsock.dll
0x00000000706b0000 - 0x00000000706c1000 	C:\Program Files\Java\jdk1.8.0_191\jre\bin\nio.dll
0x00007ffac1b70000 - 0x00007ffac1b86000 	C:\Windows\system32\napinsp.dll
0x00007ffac1b50000 - 0x00007ffac1b6a000 	C:\Windows\system32\pnrpnsp.dll
0x00007ffae0600000 - 0x00007ffae06c6000 	C:\Windows\SYSTEM32\DNSAPI.dll
0x00007ffae46e0000 - 0x00007ffae46e8000 	C:\Windows\System32\NSI.dll
0x00007ffae05c0000 - 0x00007ffae05fd000 	C:\Windows\SYSTEM32\IPHLPAPI.DLL
0x00007ffac3db0000 - 0x00007ffac3dbe000 	C:\Windows\System32\winrnr.dll
0x00007ffadc350000 - 0x00007ffadc36b000 	C:\Windows\system32\NLAapi.dll
0x00007ffac1b30000 - 0x00007ffac1b45000 	C:\Windows\system32\wshbth.dll
0x00007ffad71e0000 - 0x00007ffad71ea000 	C:\Windows\System32\rasadhlp.dll
0x00007ffad76d0000 - 0x00007ffad7749000 	C:\Windows\System32\fwpuclnt.dll
0x00007ffae12c0000 - 0x00007ffae12e6000 	C:\Windows\System32\bcrypt.dll
0x00007ffae0420000 - 0x00007ffae0453000 	C:\Windows\system32\rsaenh.dll
0x00007ffae0f60000 - 0x00007ffae0f88000 	C:\Windows\SYSTEM32\USERENV.dll
0x00007ffae0a70000 - 0x00007ffae0a7c000 	C:\Windows\SYSTEM32\CRYPTBASE.dll
0x00007ffadb180000 - 0x00007ffadb196000 	C:\Windows\SYSTEM32\dhcpcsvc6.DLL
0x00007ffadbaf0000 - 0x00007ffadbb0c000 	C:\Windows\SYSTEM32\dhcpcsvc.DLL
0x0000000070680000 - 0x00000000706a4000 	C:\Program Files\Java\jdk1.8.0_191\jre\bin\sunec.dll
0x0000000070720000 - 0x000000007072b000 	C:\Program Files\Java\jdk1.8.0_191\jre\bin\sunmscapi.dll
0x00007ffae16c0000 - 0x00007ffae189b000 	C:\Windows\System32\CRYPT32.dll
0x00007ffae1050000 - 0x00007ffae1062000 	C:\Windows\System32\MSASN1.dll

VM Arguments:
java_command: C:\Users\sorat\AppData\Local\Temp\surefire5903502994081775284\surefirebooter3205368557148503887.jar C:\Users\sorat\AppData\Local\Temp\surefire5903502994081775284 2019-12-05T16-48-44_377-jvmRun1 surefire7777317470824692933tmp surefire_01856492985780309390tmp
java_class_path (initial): C:\Users\sorat\AppData\Local\Temp\surefire5903502994081775284\surefirebooter3205368557148503887.jar
Launcher Type: SUN_STANDARD

Environment Variables:
JAVA_HOME=C:\Program Files\Java\jdk1.8.0_191
PATH=C:\Program Files (x86)\Common Files\Oracle\Java\javapath;C:\Windows\system32;C:\Windows;C:\Windows\System32\Wbem;C:\Windows\System32\WindowsPowerShell\v1.0\;C:\Windows\System32\OpenSSH\;C:\Program Files (x86)\NVIDIA Corporation\PhysX\Common;C:\Program Files\NVIDIA Corporation\NVIDIA NvDLISR;C:\Program Files\Intel\WiFi\bin\;C:\Program Files\Common Files\Intel\WirelessCommon\;D:\Git\cmd;D:\PuTTY\;C:\Users\sorat\Downloads\ffmpeg-20190402-6aeaac3-win64-static\ffmpeg-20190402-6aeaac3-win64-static\bin;D:\apache-maven-3.6.3-bin\apache-maven-3.6.3\bin;D:\Anaconda;D:\Anaconda\Library\mingw-w64\bin;D:\Anaconda\Library\usr\bin;D:\Anaconda\Library\bin;D:\Anaconda\Scripts;C:\Program Files\Java\jre1.8.0_201\bin;
USERNAME=Boom
OS=Windows_NT
PROCESSOR_IDENTIFIER=Intel64 Family 6 Model 142 Stepping 9, GenuineIntel



---------------  S Y S T E M  ---------------

OS: Windows 10.0 , 64 bit Build 17763 (10.0.17763.475)

CPU:total 4 (initial active 4) (2 cores per cpu, 2 threads per core) family 6 model 142 stepping 9, cmov, cx8, fxsr, mmx, sse, sse2, sse3, ssse3, sse4.1, sse4.2, popcnt, avx, avx2, aes, clmul, erms, 3dnowpref, lzcnt, ht, tsc, tscinvbit, bmi1, bmi2, adx

Memory: 4k page, physical 8272596k(752420k free), swap 33438420k(6320k free)

vm_info: Java HotSpot(TM) 64-Bit Server VM (25.191-b12) for windows-amd64 JRE (1.8.0_191-b12), built on Oct  6 2018 09:29:03 by "java_re" with MS VC++ 10.0 (VS2010)

time: Thu Dec 05 16:49:07 2019
elapsed time: 21 seconds (0d 0h 0m 21s)

